Analysis & Synthesis report for Lab8
Thu Jan 30 12:35:45 2020
Quartus Prime Version 18.0.0 Build 614 04/24/2018 SJ Lite Edition


---------------------
; Table of Contents ;
---------------------
  1. Legal Notice
  2. Analysis & Synthesis Summary
  3. Analysis & Synthesis Settings
  4. Parallel Compilation
  5. Analysis & Synthesis Source Files Read
  6. Analysis & Synthesis Resource Usage Summary
  7. Analysis & Synthesis Resource Utilization by Entity
  8. State Machine - |cpu_top|cu:iCU|currentState
  9. Registers Removed During Synthesis
 10. Removed Registers Triggering Further Register Optimizations
 11. General Register Statistics
 12. Multiplexer Restructuring Statistics (Restructuring Performed)
 13. Port Connectivity Checks: "CntReg:iCNT"
 14. Post-Synthesis Netlist Statistics for Top Partition
 15. Elapsed Time Per Partition
 16. Analysis & Synthesis Messages



----------------
; Legal Notice ;
----------------
Copyright (C) 2018  Intel Corporation. All rights reserved.
Your use of Intel Corporation's design tools, logic functions 
and other software and tools, and its AMPP partner logic 
functions, and any output files from any of the foregoing 
(including device programming or simulation files), and any 
associated documentation or information are expressly subject 
to the terms and conditions of the Intel Program License 
Subscription Agreement, the Intel Quartus Prime License Agreement,
the Intel FPGA IP License Agreement, or other applicable license
agreement, including, without limitation, that your use is for
the sole purpose of programming logic devices manufactured by
Intel and sold by Intel or its authorized distributors.  Please
refer to the applicable agreement for further details.



+----------------------------------------------------------------------------------+
; Analysis & Synthesis Summary                                                     ;
+------------------------------------+---------------------------------------------+
; Analysis & Synthesis Status        ; Successful - Thu Jan 30 12:35:45 2020       ;
; Quartus Prime Version              ; 18.0.0 Build 614 04/24/2018 SJ Lite Edition ;
; Revision Name                      ; Lab8                                        ;
; Top-level Entity Name              ; cpu_top                                     ;
; Family                             ; MAX 10                                      ;
; Total logic elements               ; 226                                         ;
;     Total combinational functions  ; 173                                         ;
;     Dedicated logic registers      ; 76                                          ;
; Total registers                    ; 76                                          ;
; Total pins                         ; 34                                          ;
; Total virtual pins                 ; 0                                           ;
; Total memory bits                  ; 0                                           ;
; Embedded Multiplier 9-bit elements ; 0                                           ;
; Total PLLs                         ; 0                                           ;
; UFM blocks                         ; 0                                           ;
; ADC blocks                         ; 0                                           ;
+------------------------------------+---------------------------------------------+


+------------------------------------------------------------------------------------------------------------+
; Analysis & Synthesis Settings                                                                              ;
+------------------------------------------------------------------+--------------------+--------------------+
; Option                                                           ; Setting            ; Default Value      ;
+------------------------------------------------------------------+--------------------+--------------------+
; Device                                                           ; 10M16SAU169C8G     ;                    ;
; Top-level entity name                                            ; cpu_top            ; Lab8               ;
; Family name                                                      ; MAX 10             ; Cyclone V          ;
; Use smart compilation                                            ; Off                ; Off                ;
; Enable parallel Assembler and Timing Analyzer during compilation ; On                 ; On                 ;
; Enable compact report table                                      ; Off                ; Off                ;
; Restructure Multiplexers                                         ; Auto               ; Auto               ;
; Create Debugging Nodes for IP Cores                              ; Off                ; Off                ;
; Preserve fewer node names                                        ; On                 ; On                 ;
; Intel FPGA IP Evaluation Mode                                    ; Enable             ; Enable             ;
; Verilog Version                                                  ; Verilog_2001       ; Verilog_2001       ;
; VHDL Version                                                     ; VHDL_1993          ; VHDL_1993          ;
; State Machine Processing                                         ; Auto               ; Auto               ;
; Safe State Machine                                               ; Off                ; Off                ;
; Extract Verilog State Machines                                   ; On                 ; On                 ;
; Extract VHDL State Machines                                      ; On                 ; On                 ;
; Ignore Verilog initial constructs                                ; Off                ; Off                ;
; Iteration limit for constant Verilog loops                       ; 5000               ; 5000               ;
; Iteration limit for non-constant Verilog loops                   ; 250                ; 250                ;
; Add Pass-Through Logic to Inferred RAMs                          ; On                 ; On                 ;
; Infer RAMs from Raw Logic                                        ; On                 ; On                 ;
; Parallel Synthesis                                               ; On                 ; On                 ;
; DSP Block Balancing                                              ; Auto               ; Auto               ;
; NOT Gate Push-Back                                               ; On                 ; On                 ;
; Power-Up Don't Care                                              ; On                 ; On                 ;
; Remove Redundant Logic Cells                                     ; Off                ; Off                ;
; Remove Duplicate Registers                                       ; On                 ; On                 ;
; Ignore CARRY Buffers                                             ; Off                ; Off                ;
; Ignore CASCADE Buffers                                           ; Off                ; Off                ;
; Ignore GLOBAL Buffers                                            ; Off                ; Off                ;
; Ignore ROW GLOBAL Buffers                                        ; Off                ; Off                ;
; Ignore LCELL Buffers                                             ; Off                ; Off                ;
; Ignore SOFT Buffers                                              ; On                 ; On                 ;
; Limit AHDL Integers to 32 Bits                                   ; Off                ; Off                ;
; Optimization Technique                                           ; Balanced           ; Balanced           ;
; Carry Chain Length                                               ; 70                 ; 70                 ;
; Auto Carry Chains                                                ; On                 ; On                 ;
; Auto Open-Drain Pins                                             ; On                 ; On                 ;
; Perform WYSIWYG Primitive Resynthesis                            ; Off                ; Off                ;
; Auto ROM Replacement                                             ; On                 ; On                 ;
; Auto RAM Replacement                                             ; On                 ; On                 ;
; Auto DSP Block Replacement                                       ; On                 ; On                 ;
; Auto Shift Register Replacement                                  ; Auto               ; Auto               ;
; Allow Shift Register Merging across Hierarchies                  ; Auto               ; Auto               ;
; Auto Clock Enable Replacement                                    ; On                 ; On                 ;
; Strict RAM Replacement                                           ; Off                ; Off                ;
; Allow Synchronous Control Signals                                ; On                 ; On                 ;
; Force Use of Synchronous Clear Signals                           ; Off                ; Off                ;
; Auto RAM Block Balancing                                         ; On                 ; On                 ;
; Auto RAM to Logic Cell Conversion                                ; Off                ; Off                ;
; Auto Resource Sharing                                            ; Off                ; Off                ;
; Allow Any RAM Size For Recognition                               ; Off                ; Off                ;
; Allow Any ROM Size For Recognition                               ; Off                ; Off                ;
; Allow Any Shift Register Size For Recognition                    ; Off                ; Off                ;
; Use LogicLock Constraints during Resource Balancing              ; On                 ; On                 ;
; Ignore translate_off and synthesis_off directives                ; Off                ; Off                ;
; Timing-Driven Synthesis                                          ; On                 ; On                 ;
; Report Parameter Settings                                        ; On                 ; On                 ;
; Report Source Assignments                                        ; On                 ; On                 ;
; Report Connectivity Checks                                       ; On                 ; On                 ;
; Ignore Maximum Fan-Out Assignments                               ; Off                ; Off                ;
; Synchronization Register Chain Length                            ; 2                  ; 2                  ;
; Power Optimization During Synthesis                              ; Normal compilation ; Normal compilation ;
; HDL message level                                                ; Level2             ; Level2             ;
; Suppress Register Optimization Related Messages                  ; Off                ; Off                ;
; Number of Removed Registers Reported in Synthesis Report         ; 5000               ; 5000               ;
; Number of Swept Nodes Reported in Synthesis Report               ; 5000               ; 5000               ;
; Number of Inverted Registers Reported in Synthesis Report        ; 100                ; 100                ;
; Clock MUX Protection                                             ; On                 ; On                 ;
; Auto Gated Clock Conversion                                      ; Off                ; Off                ;
; Block Design Naming                                              ; Auto               ; Auto               ;
; SDC constraint protection                                        ; Off                ; Off                ;
; Synthesis Effort                                                 ; Auto               ; Auto               ;
; Shift Register Replacement - Allow Asynchronous Clear Signal     ; On                 ; On                 ;
; Pre-Mapping Resynthesis Optimization                             ; Off                ; Off                ;
; Analysis & Synthesis Message Level                               ; Medium             ; Medium             ;
; Disable Register Merging Across Hierarchies                      ; Auto               ; Auto               ;
; Resource Aware Inference For Block RAM                           ; On                 ; On                 ;
+------------------------------------------------------------------+--------------------+--------------------+


+------------------------------------------+
; Parallel Compilation                     ;
+----------------------------+-------------+
; Processors                 ; Number      ;
+----------------------------+-------------+
; Number detected on machine ; 8           ;
; Maximum allowed            ; 4           ;
;                            ;             ;
; Average used               ; 1.00        ;
; Maximum used               ; 4           ;
;                            ;             ;
; Usage by Processor         ; % Time Used ;
;     Processor 1            ; 100.0%      ;
;     Processors 2-4         ;   0.0%      ;
+----------------------------+-------------+


+--------------------------------------------------------------------------------------------------------------------------------------------+
; Analysis & Synthesis Source Files Read                                                                                                     ;
+----------------------------------+-----------------+-----------------+-----------------------------------------------------------+---------+
; File Name with User-Entered Path ; Used in Netlist ; File Type       ; File Name with Absolute Path                              ; Library ;
+----------------------------------+-----------------+-----------------+-----------------------------------------------------------+---------+
; reg.vhd                          ; yes             ; User VHDL File  ; C:/Users/ervin/OneDrive/Desktop/lab8_postavka/reg.vhd     ;         ;
; mux.vhd                          ; yes             ; User VHDL File  ; C:/Users/ervin/OneDrive/Desktop/lab8_postavka/mux.vhd     ;         ;
; alu.vhd                          ; yes             ; User VHDL File  ; C:/Users/ervin/OneDrive/Desktop/lab8_postavka/alu.vhd     ;         ;
; cu.vhd                           ; yes             ; User VHDL File  ; C:/Users/ervin/OneDrive/Desktop/lab8_postavka/cu.vhd      ;         ;
; cpu_top.vhd                      ; yes             ; User VHDL File  ; C:/Users/ervin/OneDrive/Desktop/lab8_postavka/cpu_top.vhd ;         ;
; CntReg.vhd                       ; yes             ; User VHDL File  ; C:/Users/ervin/OneDrive/Desktop/lab8_postavka/CntReg.vhd  ;         ;
+----------------------------------+-----------------+-----------------+-----------------------------------------------------------+---------+


+----------------------------------------------------------+
; Analysis & Synthesis Resource Usage Summary              ;
+---------------------------------------------+------------+
; Resource                                    ; Usage      ;
+---------------------------------------------+------------+
; Estimated Total logic elements              ; 226        ;
;                                             ;            ;
; Total combinational functions               ; 173        ;
; Logic element usage by number of LUT inputs ;            ;
;     -- 4 input functions                    ; 107        ;
;     -- 3 input functions                    ; 57         ;
;     -- <=2 input functions                  ; 9          ;
;                                             ;            ;
; Logic elements by mode                      ;            ;
;     -- normal mode                          ; 157        ;
;     -- arithmetic mode                      ; 16         ;
;                                             ;            ;
; Total registers                             ; 76         ;
;     -- Dedicated logic registers            ; 76         ;
;     -- I/O registers                        ; 0          ;
;                                             ;            ;
; I/O pins                                    ; 34         ;
;                                             ;            ;
; Embedded Multiplier 9-bit elements          ; 0          ;
;                                             ;            ;
; Maximum fan-out node                        ; iCLK~input ;
; Maximum fan-out                             ; 76         ;
; Total fan-out                               ; 957        ;
; Average fan-out                             ; 3.02       ;
+---------------------------------------------+------------+


+------------------------------------------------------------------------------------------------------------------------------------------------------------------------------------------------------------------------------------+
; Analysis & Synthesis Resource Utilization by Entity                                                                                                                                                                                ;
+----------------------------+---------------------+---------------------------+-------------+------------+--------------+---------+-----------+------+--------------+------------+---------------------+-------------+--------------+
; Compilation Hierarchy Node ; Combinational ALUTs ; Dedicated Logic Registers ; Memory Bits ; UFM Blocks ; DSP Elements ; DSP 9x9 ; DSP 18x18 ; Pins ; Virtual Pins ; ADC blocks ; Full Hierarchy Name ; Entity Name ; Library Name ;
+----------------------------+---------------------+---------------------------+-------------+------------+--------------+---------+-----------+------+--------------+------------+---------------------+-------------+--------------+
; |cpu_top                   ; 173 (0)             ; 76 (0)                    ; 0           ; 0          ; 0            ; 0       ; 0         ; 34   ; 0            ; 0          ; |cpu_top            ; cpu_top     ; work         ;
;    |Reg:R0|                ; 0 (0)               ; 16 (16)                   ; 0           ; 0          ; 0            ; 0       ; 0         ; 0    ; 0            ; 0          ; |cpu_top|Reg:R0     ; Reg         ; work         ;
;    |Reg:R1|                ; 0 (0)               ; 16 (16)                   ; 0           ; 0          ; 0            ; 0       ; 0         ; 0    ; 0            ; 0          ; |cpu_top|Reg:R1     ; Reg         ; work         ;
;    |Reg:R2|                ; 0 (0)               ; 16 (16)                   ; 0           ; 0          ; 0            ; 0       ; 0         ; 0    ; 0            ; 0          ; |cpu_top|Reg:R2     ; Reg         ; work         ;
;    |Reg:R3|                ; 0 (0)               ; 16 (16)                   ; 0           ; 0          ; 0            ; 0       ; 0         ; 0    ; 0            ; 0          ; |cpu_top|Reg:R3     ; Reg         ; work         ;
;    |alu:iALU|              ; 67 (67)             ; 0 (0)                     ; 0           ; 0          ; 0            ; 0       ; 0         ; 0    ; 0            ; 0          ; |cpu_top|alu:iALU   ; alu         ; work         ;
;    |cu:iCU|                ; 23 (23)             ; 12 (12)                   ; 0           ; 0          ; 0            ; 0       ; 0         ; 0    ; 0            ; 0          ; |cpu_top|cu:iCU     ; cu          ; work         ;
;    |mux:MUXA|              ; 49 (49)             ; 0 (0)                     ; 0           ; 0          ; 0            ; 0       ; 0         ; 0    ; 0            ; 0          ; |cpu_top|mux:MUXA   ; mux         ; work         ;
;    |mux:MUXB|              ; 34 (34)             ; 0 (0)                     ; 0           ; 0          ; 0            ; 0       ; 0         ; 0    ; 0            ; 0          ; |cpu_top|mux:MUXB   ; mux         ; work         ;
+----------------------------+---------------------+---------------------------+-------------+------------+--------------+---------+-----------+------+--------------+------------+---------------------+-------------+--------------+
Note: For table entries with two numbers listed, the numbers in parentheses indicate the number of resources of the given type used by the specific entity alone. The numbers listed outside of parentheses indicate the total resources of the given type used by the specific entity and all of its sub-entities in the hierarchy.


Encoding Type:  One-Hot
+--------------------------------------------------------------------------------------------------------------------------------------------------------------------------------------------------------------------------------------------------+
; State Machine - |cpu_top|cu:iCU|currentState                                                                                                                                                                                                     ;
+--------------------+------------------+-----------------+-----------------+-----------------+-----------------+-----------------+-----------------+-----------------+-----------------+-----------------+-------------------+--------------------+
; Name               ; currentState.T10 ; currentState.T9 ; currentState.T8 ; currentState.T7 ; currentState.T6 ; currentState.T5 ; currentState.T4 ; currentState.T3 ; currentState.T2 ; currentState.T1 ; currentState.DONE ; currentState.START ;
+--------------------+------------------+-----------------+-----------------+-----------------+-----------------+-----------------+-----------------+-----------------+-----------------+-----------------+-------------------+--------------------+
; currentState.START ; 0                ; 0               ; 0               ; 0               ; 0               ; 0               ; 0               ; 0               ; 0               ; 0               ; 0                 ; 0                  ;
; currentState.DONE  ; 0                ; 0               ; 0               ; 0               ; 0               ; 0               ; 0               ; 0               ; 0               ; 0               ; 1                 ; 1                  ;
; currentState.T1    ; 0                ; 0               ; 0               ; 0               ; 0               ; 0               ; 0               ; 0               ; 0               ; 1               ; 0                 ; 1                  ;
; currentState.T2    ; 0                ; 0               ; 0               ; 0               ; 0               ; 0               ; 0               ; 0               ; 1               ; 0               ; 0                 ; 1                  ;
; currentState.T3    ; 0                ; 0               ; 0               ; 0               ; 0               ; 0               ; 0               ; 1               ; 0               ; 0               ; 0                 ; 1                  ;
; currentState.T4    ; 0                ; 0               ; 0               ; 0               ; 0               ; 0               ; 1               ; 0               ; 0               ; 0               ; 0                 ; 1                  ;
; currentState.T5    ; 0                ; 0               ; 0               ; 0               ; 0               ; 1               ; 0               ; 0               ; 0               ; 0               ; 0                 ; 1                  ;
; currentState.T6    ; 0                ; 0               ; 0               ; 0               ; 1               ; 0               ; 0               ; 0               ; 0               ; 0               ; 0                 ; 1                  ;
; currentState.T7    ; 0                ; 0               ; 0               ; 1               ; 0               ; 0               ; 0               ; 0               ; 0               ; 0               ; 0                 ; 1                  ;
; currentState.T8    ; 0                ; 0               ; 1               ; 0               ; 0               ; 0               ; 0               ; 0               ; 0               ; 0               ; 0                 ; 1                  ;
; currentState.T9    ; 0                ; 1               ; 0               ; 0               ; 0               ; 0               ; 0               ; 0               ; 0               ; 0               ; 0                 ; 1                  ;
; currentState.T10   ; 1                ; 0               ; 0               ; 0               ; 0               ; 0               ; 0               ; 0               ; 0               ; 0               ; 0                 ; 1                  ;
+--------------------+------------------+-----------------+-----------------+-----------------+-----------------+-----------------+-----------------+-----------------+-----------------+-----------------+-------------------+--------------------+


+-------------------------------------------------------------+
; Registers Removed During Synthesis                          ;
+----------------------------------------+--------------------+
; Register name                          ; Reason for Removal ;
+----------------------------------------+--------------------+
; Reg:R7|sREG[0..15]                     ; Lost fanout        ;
; Reg:R6|sREG[0..15]                     ; Lost fanout        ;
; Reg:R5|sREG[0..15]                     ; Lost fanout        ;
; Reg:R4|sREG[0..15]                     ; Lost fanout        ;
; Total Number of Removed Registers = 64 ;                    ;
+----------------------------------------+--------------------+


+------------------------------------------------------------------------------------------+
; Removed Registers Triggering Further Register Optimizations                              ;
+-----------------+--------------------+---------------------------------------------------+
; Register name   ; Reason for Removal ; Registers Removed due to This Register            ;
+-----------------+--------------------+---------------------------------------------------+
; Reg:R7|sREG[14] ; Lost Fanouts       ; Reg:R6|sREG[14], Reg:R5|sREG[14], Reg:R4|sREG[14] ;
; Reg:R7|sREG[13] ; Lost Fanouts       ; Reg:R6|sREG[13], Reg:R5|sREG[13], Reg:R4|sREG[13] ;
; Reg:R7|sREG[12] ; Lost Fanouts       ; Reg:R6|sREG[12], Reg:R5|sREG[12], Reg:R4|sREG[12] ;
; Reg:R7|sREG[11] ; Lost Fanouts       ; Reg:R6|sREG[11], Reg:R5|sREG[11], Reg:R4|sREG[11] ;
; Reg:R7|sREG[10] ; Lost Fanouts       ; Reg:R6|sREG[10], Reg:R5|sREG[10], Reg:R4|sREG[10] ;
; Reg:R7|sREG[9]  ; Lost Fanouts       ; Reg:R6|sREG[9], Reg:R5|sREG[9], Reg:R4|sREG[9]    ;
; Reg:R7|sREG[8]  ; Lost Fanouts       ; Reg:R6|sREG[8], Reg:R5|sREG[8], Reg:R4|sREG[8]    ;
; Reg:R7|sREG[7]  ; Lost Fanouts       ; Reg:R6|sREG[7], Reg:R5|sREG[7], Reg:R4|sREG[7]    ;
; Reg:R7|sREG[6]  ; Lost Fanouts       ; Reg:R6|sREG[6], Reg:R5|sREG[6], Reg:R4|sREG[6]    ;
; Reg:R7|sREG[5]  ; Lost Fanouts       ; Reg:R6|sREG[5], Reg:R5|sREG[5], Reg:R4|sREG[5]    ;
; Reg:R7|sREG[4]  ; Lost Fanouts       ; Reg:R6|sREG[4], Reg:R5|sREG[4], Reg:R4|sREG[4]    ;
; Reg:R7|sREG[3]  ; Lost Fanouts       ; Reg:R6|sREG[3], Reg:R5|sREG[3], Reg:R4|sREG[3]    ;
; Reg:R7|sREG[2]  ; Lost Fanouts       ; Reg:R6|sREG[2], Reg:R5|sREG[2], Reg:R4|sREG[2]    ;
; Reg:R7|sREG[1]  ; Lost Fanouts       ; Reg:R6|sREG[1], Reg:R5|sREG[1], Reg:R4|sREG[1]    ;
; Reg:R7|sREG[0]  ; Lost Fanouts       ; Reg:R6|sREG[0], Reg:R5|sREG[0], Reg:R4|sREG[0]    ;
; Reg:R7|sREG[15] ; Lost Fanouts       ; Reg:R5|sREG[15], Reg:R4|sREG[15]                  ;
+-----------------+--------------------+---------------------------------------------------+


+------------------------------------------------------+
; General Register Statistics                          ;
+----------------------------------------------+-------+
; Statistic                                    ; Value ;
+----------------------------------------------+-------+
; Total registers                              ; 76    ;
; Number of registers using Synchronous Clear  ; 0     ;
; Number of registers using Synchronous Load   ; 0     ;
; Number of registers using Asynchronous Clear ; 76    ;
; Number of registers using Asynchronous Load  ; 0     ;
; Number of registers using Clock Enable       ; 64    ;
; Number of registers using Preset             ; 0     ;
+----------------------------------------------+-------+


+------------------------------------------------------------------------------------------------------------------------------------------+
; Multiplexer Restructuring Statistics (Restructuring Performed)                                                                           ;
+--------------------+-----------+---------------+----------------------+------------------------+------------+----------------------------+
; Multiplexer Inputs ; Bus Width ; Baseline Area ; Area if Restructured ; Saving if Restructured ; Registered ; Example Multiplexer Output ;
+--------------------+-----------+---------------+----------------------+------------------------+------------+----------------------------+
; 8:1                ; 16 bits   ; 80 LEs        ; 32 LEs               ; 48 LEs                 ; No         ; |cpu_top|mux:MUXB|oQ[1]    ;
; 4:1                ; 16 bits   ; 32 LEs        ; 0 LEs                ; 32 LEs                 ; No         ; |cpu_top|alu:iALU|Add0     ;
; 4:1                ; 16 bits   ; 32 LEs        ; 32 LEs               ; 0 LEs                  ; No         ; |cpu_top|alu:iALU|Add0     ;
; 8:1                ; 16 bits   ; 80 LEs        ; 48 LEs               ; 32 LEs                 ; No         ; |cpu_top|alu:iALU|Mux12    ;
; 8:1                ; 16 bits   ; 80 LEs        ; 48 LEs               ; 32 LEs                 ; No         ; |cpu_top|mux:MUXA|oQ[3]    ;
+--------------------+-----------+---------------+----------------------+------------------------+------------+----------------------------+


+----------------------------------------------------------------------------------------------------------------+
; Port Connectivity Checks: "CntReg:iCNT"                                                                        ;
+------+--------+----------+-------------------------------------------------------------------------------------+
; Port ; Type   ; Severity ; Details                                                                             ;
+------+--------+----------+-------------------------------------------------------------------------------------+
; oq   ; Output ; Info     ; Connected to dangling logic. Logic that only feeds a dangling port will be removed. ;
+------+--------+----------+-------------------------------------------------------------------------------------+


+-----------------------------------------------------+
; Post-Synthesis Netlist Statistics for Top Partition ;
+-----------------------+-----------------------------+
; Type                  ; Count                       ;
+-----------------------+-----------------------------+
; boundary_port         ; 34                          ;
; cycloneiii_ff         ; 76                          ;
;     CLR               ; 12                          ;
;     ENA CLR           ; 64                          ;
; cycloneiii_lcell_comb ; 173                         ;
;     arith             ; 16                          ;
;         3 data inputs ; 16                          ;
;     normal            ; 157                         ;
;         1 data inputs ; 1                           ;
;         2 data inputs ; 8                           ;
;         3 data inputs ; 41                          ;
;         4 data inputs ; 107                         ;
;                       ;                             ;
; Max LUT depth         ; 11.40                       ;
; Average LUT depth     ; 9.30                        ;
+-----------------------+-----------------------------+


+-------------------------------+
; Elapsed Time Per Partition    ;
+----------------+--------------+
; Partition Name ; Elapsed Time ;
+----------------+--------------+
; Top            ; 00:00:00     ;
+----------------+--------------+


+-------------------------------+
; Analysis & Synthesis Messages ;
+-------------------------------+
Info: *******************************************************************
Info: Running Quartus Prime Analysis & Synthesis
    Info: Version 18.0.0 Build 614 04/24/2018 SJ Lite Edition
    Info: Processing started: Thu Jan 30 12:35:31 2020
Info: Command: quartus_map --read_settings_files=on --write_settings_files=off Lab8 -c Lab8
Warning (18236): Number of processors has not been specified which may cause overloading on shared machines.  Set the global assignment NUM_PARALLEL_PROCESSORS in your QSF to an appropriate value for best performance.
Info (20030): Parallel compilation is enabled and will use 4 of the 4 processors detected
Info (12021): Found 2 design units, including 1 entities, in source file reg.vhd
    Info (12022): Found design unit 1: Reg-Behavioral File: C:/Users/ervin/OneDrive/Desktop/lab8_postavka/reg.vhd Line: 14
    Info (12023): Found entity 1: Reg File: C:/Users/ervin/OneDrive/Desktop/lab8_postavka/reg.vhd Line: 4
Warning (12090): Entity "mux" obtained from "mux.vhd" instead of from Quartus Prime megafunction library File: C:/Users/ervin/OneDrive/Desktop/lab8_postavka/mux.vhd Line: 4
Info (12021): Found 2 design units, including 1 entities, in source file mux.vhd
    Info (12022): Found design unit 1: mux-Behavioral File: C:/Users/ervin/OneDrive/Desktop/lab8_postavka/mux.vhd Line: 20
    Info (12023): Found entity 1: mux File: C:/Users/ervin/OneDrive/Desktop/lab8_postavka/mux.vhd Line: 4
Info (12021): Found 2 design units, including 1 entities, in source file alu.vhd
    Info (12022): Found design unit 1: alu-Behavioral File: C:/Users/ervin/OneDrive/Desktop/lab8_postavka/alu.vhd Line: 17
    Info (12023): Found entity 1: alu File: C:/Users/ervin/OneDrive/Desktop/lab8_postavka/alu.vhd Line: 5
Info (12021): Found 2 design units, including 1 entities, in source file cu.vhd
    Info (12022): Found design unit 1: cu-Behavioral File: C:/Users/ervin/OneDrive/Desktop/lab8_postavka/cu.vhd Line: 19
    Info (12023): Found entity 1: cu File: C:/Users/ervin/OneDrive/Desktop/lab8_postavka/cu.vhd Line: 5
Info (12021): Found 2 design units, including 1 entities, in source file cpu_top.vhd
    Info (12022): Found design unit 1: cpu_top-Behavioral File: C:/Users/ervin/OneDrive/Desktop/lab8_postavka/cpu_top.vhd Line: 14
    Info (12023): Found entity 1: cpu_top File: C:/Users/ervin/OneDrive/Desktop/lab8_postavka/cpu_top.vhd Line: 5
Info (12021): Found 2 design units, including 1 entities, in source file simulation/modelsim/cpu_top_tb.vhd
    Info (12022): Found design unit 1: cpu_top_tb-Behavioral File: C:/Users/ervin/OneDrive/Desktop/lab8_postavka/simulation/modelsim/cpu_top_tb.vhd Line: 7
    Info (12023): Found entity 1: cpu_top_tb File: C:/Users/ervin/OneDrive/Desktop/lab8_postavka/simulation/modelsim/cpu_top_tb.vhd Line: 4
Info (12021): Found 2 design units, including 1 entities, in source file cntreg.vhd
    Info (12022): Found design unit 1: CntReg-Behavioral File: C:/Users/ervin/OneDrive/Desktop/lab8_postavka/CntReg.vhd Line: 14
    Info (12023): Found entity 1: CntReg File: C:/Users/ervin/OneDrive/Desktop/lab8_postavka/CntReg.vhd Line: 5
Info (12127): Elaborating entity "cpu_top" for the top level hierarchy
Warning (10036): Verilog HDL or VHDL warning at cpu_top.vhd(103): object "sCNT" assigned a value but never read File: C:/Users/ervin/OneDrive/Desktop/lab8_postavka/cpu_top.vhd Line: 103
Info (12128): Elaborating entity "Reg" for hierarchy "Reg:R0" File: C:/Users/ervin/OneDrive/Desktop/lab8_postavka/cpu_top.vhd Line: 107
Info (12128): Elaborating entity "mux" for hierarchy "mux:MUXA" File: C:/Users/ervin/OneDrive/Desktop/lab8_postavka/cpu_top.vhd Line: 171
Info (12128): Elaborating entity "alu" for hierarchy "alu:iALU" File: C:/Users/ervin/OneDrive/Desktop/lab8_postavka/cpu_top.vhd Line: 199
Info (12128): Elaborating entity "cu" for hierarchy "cu:iCU" File: C:/Users/ervin/OneDrive/Desktop/lab8_postavka/cpu_top.vhd Line: 209
Info (12128): Elaborating entity "CntReg" for hierarchy "CntReg:iCNT" File: C:/Users/ervin/OneDrive/Desktop/lab8_postavka/cpu_top.vhd Line: 223
Info (286030): Timing-Driven Synthesis is running
Info (17049): 64 registers lost all their fanouts during netlist optimizations.
Info (16010): Generating hard_block partition "hard_block:auto_generated_inst"
    Info (16011): Adding 0 node(s), including 0 DDIO, 0 PLL, 0 transceiver and 0 LCELL
Info (21057): Implemented 276 device resources after synthesis - the final resource count might be different
    Info (21058): Implemented 18 input pins
    Info (21059): Implemented 16 output pins
    Info (21061): Implemented 242 logic cells
Info: Quartus Prime Analysis & Synthesis was successful. 0 errors, 3 warnings
    Info: Peak virtual memory: 4793 megabytes
    Info: Processing ended: Thu Jan 30 12:35:46 2020
    Info: Elapsed time: 00:00:15
    Info: Total CPU time (on all processors): 00:00:18


